n,111,3
n,231,6
n,113,5
n,0,2
i,2,4
n,0,8
l,2
<,8,3,0
c,0,3
n,255,1
-,1,5,7
>,4,7,0
c,0,8
+,5,4,5
l,10
n,1,2
+,3,2,3
n,0,1
o,1,5
n,0,8
l,11
<,8,3,0
c,0,12
n,255,2
-,2,5,7
>,4,7,0
c,0,17
+,5,4,5
l,19
n,1,1
+,3,1,3
n,1,2
o,2,5
n,0,8
l,20
<,8,3,0
c,0,21
n,255,1
-,1,5,7
>,4,7,0
c,0,26
+,5,4,5
l,28
n,1,2
+,3,2,3
n,2,1
o,1,5
n,0,8
l,29
<,8,3,0
c,0,30
n,255,2
-,2,5,7
>,4,7,0
c,0,35
+,5,4,5
l,37
n,1,1
+,3,1,3
n,3,2
o,2,5
n,0,8
l,38
<,8,3,0
c,0,39
n,255,1
-,1,5,7
>,4,7,0
c,0,44
+,5,4,5
l,46
n,1,2
+,3,2,3
n,4,1
o,1,5
n,0,8
l,47
<,8,3,0
c,0,48
n,255,2
-,2,5,7
>,4,7,0
c,0,53
+,5,4,5
l,55
n,1,1
+,3,1,3
n,5,2
o,2,5
n,0,8
l,56
<,8,3,0
c,0,57
n,255,1
-,1,5,7
>,4,7,0
c,0,62
+,5,4,5
l,64
n,1,2
+,3,2,3
n,6,1
o,1,5
n,0,8
l,65
<,8,3,0
c,0,66
n,255,2
-,2,5,7
>,4,7,0
c,0,71
+,5,4,5
l,73
n,1,1
+,3,1,3
n,7,2
o,2,5
e
l,71
-,4,7,9
n,255,1
+,9,1,5
n,1,2
+,6,2,6
g,73
l,66
n,255,2
-,2,5,7
>,4,7,0
c,0,67
+,5,4,5
l,69
n,1,1
+,8,1,8
g,65
l,67
-,4,7,10
n,255,1
+,10,1,5
n,1,2
+,6,2,6
g,69
l,62
-,4,7,11
n,255,2
+,11,2,5
n,1,1
+,6,1,6
g,64
l,57
n,255,1
-,1,5,7
>,4,7,0
c,0,58
+,5,4,5
l,60
n,1,2
+,8,2,8
g,56
l,58
-,4,7,12
n,255,2
+,12,2,5
n,1,1
+,6,1,6
g,60
l,53
-,4,7,13
n,255,1
+,13,1,5
n,1,2
+,6,2,6
g,55
l,48
n,255,2
-,2,5,7
>,4,7,0
c,0,49
+,5,4,5
l,51
n,1,1
+,8,1,8
g,47
l,49
-,4,7,14
n,255,1
+,14,1,5
n,1,2
+,6,2,6
g,51
l,44
-,4,7,15
n,255,2
+,15,2,5
n,1,1
+,6,1,6
g,46
l,39
n,255,1
-,1,5,7
>,4,7,0
c,0,40
+,5,4,5
l,42
n,1,2
+,8,2,8
g,38
l,40
-,4,7,16
n,255,2
+,16,2,5
n,1,1
+,6,1,6
g,42
l,35
-,4,7,17
n,255,1
+,17,1,5
n,1,2
+,6,2,6
g,37
l,30
n,255,2
-,2,5,7
>,4,7,0
c,0,31
+,5,4,5
l,33
n,1,1
+,8,1,8
g,29
l,31
-,4,7,18
n,255,1
+,18,1,5
n,1,2
+,6,2,6
g,33
l,26
-,4,7,19
n,255,2
+,19,2,5
n,1,1
+,6,1,6
g,28
l,21
n,255,1
-,1,5,7
>,4,7,0
c,0,22
+,5,4,5
l,24
n,1,2
+,8,2,8
g,20
l,22
-,4,7,20
n,255,2
+,20,2,5
n,1,1
+,6,1,6
g,24
l,17
-,4,7,21
n,255,1
+,21,1,5
n,1,2
+,6,2,6
g,19
l,12
n,255,2
-,2,5,7
>,4,7,0
c,0,13
+,5,4,5
l,15
n,1,1
+,8,1,8
g,11
l,13
-,4,7,22
n,255,1
+,22,1,5
n,1,2
+,6,2,6
g,15
l,8
-,4,7,23
n,255,2
+,23,2,5
n,1,1
+,6,1,6
g,10
l,3
n,255,1
-,1,5,7
>,4,7,0
c,0,4
+,5,4,5
l,6
n,1,2
+,8,2,8
g,2
l,4
-,4,7,24
n,255,2
+,24,2,5
n,1,1
+,6,1,6
g,6
