l,1
i,2,11
n,1,1
i,1,10
n,135,2
<,10,2,0
c,0,2
g,3
l,2
n,0,1
=,10,1,0
c,0,4
g,3
l,4
n,0,2
n,255,1
o,2,1
n,1,2
o,2,1
g,5
l,3
n,0,2
!,10,2,0
c,0,6
l,6
n,3,1
<,10,1,0
c,0,8
g,7
l,8
n,2,2
<,10,2,0
c,0,9
g,7
l,9
n,0,1
o,1,11
n,1,2
g,5
l,7
n,255,2
+,10,2,3
n,1,1
<,11,1,0
c,0,10
g,11
l,10
n,0,2
n,0,1
n,1,2
g,5
l,11
n,255,1
n,1,2
g,13
l,13
n,255,2
n,1,1
g,15
l,15
n,255,1
n,1,2
g,17
l,17
g,18
l,19
+,7,2,7
l,18
-,11,10,16
!,16,7,0
c,0,19
g,20
l,20
n,1,1
+,5,1,15
g,22
l,22
g,23
l,24
n,0,4
g,25
l,26
n,3,1
+,5,1,5
>,4,9,0
g,28
l,28
+,4,2,4
l,25
<,4,9,0
c,0,26
g,29
l,29
>,6,7,0
c,0,30
g,31
l,30
n,0,1
c,0,32
l,32
+,7,5,7
g,33
l,31
+,6,10,6
+,9,2,9
l,23
n,255,1
!,9,1,0
c,0,24
g,34
l,34
n,3,2
g,35
l,35
n,27,1
g,33
l,33
g,36
l,37
=,6,11,0
c,0,38
g,39
l,38
c,0,40
l,40
g,41
l,39
n,0,5
g,42
l,43
+,5,1,5
l,42
!,5,8,0
c,0,43
g,44
l,44
n,1,2
+,6,2,6
n,1,1
+,8,1,8
l,36
n,255,2
!,8,2,0
c,0,37
g,45
l,45
n,254,1
g,46
l,46
n,253,2
g,41
l,41
n,137,5
g,47
l,48
n,254,1
+,5,1,5
l,47
n,1,2
>,5,2,0
c,0,48
g,49
l,49
+,9,5,13
n,255,1
+,13,1,12
n,0,2
o,2,12
n,1,1
o,1,8
l,5
e
