l,1
g,2
l,3
n,255,2
-,2,7,6
i,1,133
n,0,2
i,2,132
-,133,132,131
>,131,6,0
c,0,4
g,5
l,4
i,1,130
i,2,129
-,130,129,128
-,128,6,127
n,255,1
+,127,1,7
n,1,2
+,8,2,8
g,6
l,5
i,1,126
i,2,125
-,126,125,124
+,124,7,7
l,6
n,1,1
+,13,1,13
l,2
n,0,2
i,2,123
n,1,1
i,1,122
+,123,122,121
>,121,13,0
c,0,3
g,7
l,7
i,2,120
i,1,119
+,120,119,118
+,118,8,117
o,2,117
n,0,1
i,1,116
n,1,2
i,2,115
+,116,115,114
+,114,7,113
n,1,1
o,1,113
n,0,8
n,0,7
n,0,13
g,8
l,9
n,255,2
-,2,7,6
i,1,112
n,0,2
i,2,111
-,112,111,110
>,110,6,0
c,0,10
g,11
l,10
i,1,109
i,2,108
-,109,108,107
-,107,6,106
n,255,1
+,106,1,7
n,1,2
+,8,2,8
g,12
l,11
i,1,105
i,2,104
-,105,104,103
+,103,7,7
l,12
n,1,1
+,13,1,13
l,8
n,0,2
i,2,102
i,1,101
+,102,101,100
>,100,13,0
c,0,9
g,13
l,13
n,1,2
i,2,99
n,0,1
i,1,98
-,99,98,97
+,97,8,96
n,2,2
o,2,96
n,1,1
i,1,95
n,0,2
i,2,94
-,95,94,93
+,93,7,92
n,3,1
o,1,92
n,0,8
n,0,7
n,0,13
g,14
l,15
n,255,2
-,2,7,6
n,0,1
i,1,91
n,1,2
i,2,90
-,91,90,89
>,89,6,0
c,0,16
g,17
l,16
i,1,88
i,2,87
-,88,87,86
-,86,6,85
n,255,1
+,85,1,7
+,8,2,8
g,18
l,17
i,1,84
i,2,83
-,84,83,82
+,82,7,7
l,18
n,1,1
+,13,1,13
l,14
n,0,2
i,2,81
n,1,1
i,1,80
+,81,80,79
>,79,13,0
c,0,15
g,19
l,19
i,2,78
i,1,77
+,78,77,76
i,2,75
-,76,75,74
+,74,8,73
n,0,1
i,1,72
n,1,2
i,2,71
+,72,71,70
n,1,1
i,1,69
+,70,69,68
+,73,68,67
n,0,2
i,2,66
i,1,65
+,66,65,64
i,2,63
+,64,63,62
-,67,62,61
n,4,1
o,1,61
i,2,60
n,1,1
i,1,59
+,60,59,58
i,2,57
-,58,57,56
+,56,7,55
n,0,1
i,1,54
n,1,2
i,2,53
+,54,53,52
n,1,1
i,1,51
+,52,51,50
+,55,50,49
n,0,2
i,2,48
i,1,47
+,48,47,46
i,2,45
+,46,45,44
-,49,44,43
n,5,1
o,1,43
n,0,8
n,0,7
n,0,13
g,20
l,21
n,255,2
-,2,7,6
n,0,1
i,1,42
n,1,2
i,2,41
-,42,41,40
>,40,6,0
c,0,22
g,23
l,22
i,1,39
i,2,38
-,39,38,37
-,37,6,36
n,255,1
+,36,1,7
+,8,2,8
g,24
l,23
i,1,35
i,2,34
-,35,34,33
+,33,7,7
l,24
n,1,1
+,13,1,13
l,20
n,0,2
i,2,32
n,1,1
i,1,31
+,32,31,30
>,30,13,0
c,0,21
g,25
l,25
i,2,29
i,1,28
+,29,28,27
+,27,8,26
i,2,25
i,1,24
-,25,24,23
+,26,23,22
n,6,2
o,2,22
n,0,1
i,1,21
n,1,2
i,2,20
+,21,20,19
+,19,7,18
i,1,17
i,2,16
-,17,16,15
+,18,15,14
n,7,1
o,1,14
e
