n,1,2
i,2,9
g,2
l,3
n,0,1
i,1,10
n,27,14
g,4
l,5
n,0,15
g,6
l,7
n,255,2
-,2,7,6
>,9,6,0
c,0,8
g,9
l,8
-,9,6,16
n,255,1
+,16,1,7
n,1,2
+,8,2,8
g,10
l,9
+,7,9,7
l,10
n,1,1
+,15,1,15
l,6
<,15,10,0
c,0,7
n,38,12
g,12
l,13
+,7,5,7
n,10,2
=,7,2,0
c,0,16
n,34,1
+,13,1,3
n,0,0
+,12,0,11
g,17
l,18
+,4,7,4
n,128,2
>,4,2,0
c,0,19
g,20
l,19
n,1,1
+,5,1,5
l,20
n,255,2
+,11,2,11
l,17
>,11,3,0
c,0,18
n,255,1
+,12,1,12
l,12
>,12,14,0
c,0,13
n,1,2
+,14,2,14
l,4
n,32,1
<,14,1,0
c,0,5
g,16
l,16
n,1,2
+,13,2,13
l,2
n,4,1
<,13,1,0
c,0,3
n,0,2
o,2,5
n,1,1
o,1,8
n,2,2
o,2,7
n,3,1
o,1,4
e
