l,1
n,1,4
n,1,2
+,4,2,4
n,0,6
n,0,5
n,0,7
g,2
l,3
n,255,1
-,1,5,3
>,4,3,0
c,0,4
g,5
l,4
-,4,3,11
n,255,2
+,11,2,5
n,1,1
+,6,1,6
g,6
l,5
+,5,4,5
l,6
n,1,2
+,7,2,7
l,2
n,0,1
i,1,10
>,10,7,0
c,0,3
n,1,2
+,4,2,4
n,0,7
g,8
l,9
n,255,1
-,1,5,3
>,4,3,0
c,0,10
g,11
l,10
-,4,3,9
n,255,2
+,9,2,5
n,1,1
+,6,1,6
g,12
l,11
+,5,4,5
l,12
n,1,2
+,7,2,7
l,8
n,1,1
i,1,8
>,8,7,0
c,0,9
g,13
l,13
n,1,2
+,4,2,4
l,14
n,4,1
+,4,1,4
n,3,2
!,4,2,0
c,0,15
g,16
l,15
n,3,4
l,16
n,253,1
+,4,1,4
n,0,2
o,2,6
n,1,1
+,4,1,4
n,2,2
>,4,2,0
c,0,17
g,18
l,17
n,1,1
+,4,1,4
l,18
n,1,2
o,2,5
n,2,1
+,4,1,4
n,3,2
>,4,2,0
c,0,19
g,20
l,19
n,1,1
+,4,1,4
l,20
n,2,2
o,2,4
e
